<?xml version="1.0" encoding="UTF-8"?>
<!-- Generated by org.testng.reporters.JUnitReportReporter -->
<testsuite hostname="DESKTOP-LFPD9NH" failures="0" tests="1" name="tests.postsTests.PostDataTest" time="0.775" errors="0" timestamp="2022-06-14T22:28:03 MSK" skipped="0">
  <testcase classname="tests.postsTests.PostDataTest" name="postAdd" time="0.775"/>
  <system-out/>
</testsuite> <!-- tests.postsTests.PostDataTest -->
