<?xml version="1.0" encoding="UTF-8"?>
<!-- Generated by org.testng.reporters.JUnitReportReporter -->
<testsuite hostname="DESKTOP-LFPD9NH" failures="0" tests="1" name="tests.postsTests.PostDataTest" time="0.599" errors="0" timestamp="2022-06-13T05:59:14 MSK" skipped="0">
  <testcase classname="tests.postsTests.PostDataTest" name="postAdd" time="0.599"/>
  <system-out/>
</testsuite> <!-- tests.postsTests.PostDataTest -->
