<?xml version="1.0" encoding="UTF-8"?>
<!-- Generated by org.testng.reporters.JUnitReportReporter -->
<testsuite hostname="DESKTOP-LFPD9NH" failures="0" tests="1" name="tests.usersTests.GetResponseFromUsersWithQueryParamTest" time="0.334" errors="0" timestamp="2022-06-14T22:28:03 MSK" skipped="0">
  <testcase classname="tests.usersTests.GetResponseFromUsersWithQueryParamTest" name="getResponseFromUsersWithQueryParam" time="0.334"/>
  <system-out/>
</testsuite> <!-- tests.usersTests.GetResponseFromUsersWithQueryParamTest -->
