<?xml version="1.0" encoding="UTF-8"?>
<!-- Generated by org.testng.reporters.JUnitReportReporter -->
<testsuite hostname="DESKTOP-LFPD9NH" failures="0" tests="1" name="tests.postsTests.GetResponseFromPostsWithQueryParamTest" time="0.496" errors="0" timestamp="2022-06-14T22:38:17 MSK" skipped="0">
  <testcase classname="tests.postsTests.GetResponseFromPostsWithQueryParamTest" name="getResponseFromPostsWithQueryParam" time="0.496"/>
  <system-out/>
</testsuite> <!-- tests.postsTests.GetResponseFromPostsWithQueryParamTest -->
