<?xml version="1.0" encoding="UTF-8"?>
<!-- Generated by org.testng.reporters.JUnitReportReporter -->
<testsuite hostname="DESKTOP-LFPD9NH" failures="0" tests="1" name="tests.postsTests.GetResponseFromPostsTest" time="2.000" errors="0" timestamp="2022-06-14T22:38:17 MSK" skipped="0">
  <testcase classname="tests.postsTests.GetResponseFromPostsTest" name="getResponseFromPosts" time="2.000"/>
  <system-out/>
</testsuite> <!-- tests.postsTests.GetResponseFromPostsTest -->
