<?xml version="1.0" encoding="UTF-8"?>
<!-- Generated by org.testng.reporters.JUnitReportReporter -->
<testsuite hostname="ipopov" failures="0" tests="1" name="tests.usersTests.GetResponseFromUsersWithQueryParamTest" time="0.140" errors="0" timestamp="2022-06-13T11:09:34 MSK" skipped="0">
  <testcase classname="tests.usersTests.GetResponseFromUsersWithQueryParamTest" name="getResponseFromUsersWithQueryParam" time="0.140"/>
  <system-out/>
</testsuite> <!-- tests.usersTests.GetResponseFromUsersWithQueryParamTest -->
