<?xml version="1.0" encoding="UTF-8"?>
<!-- Generated by org.testng.reporters.JUnitReportReporter -->
<testsuite hostname="ipopov" failures="0" tests="1" name="tests.usersTests.GetResponseUsersTest" time="0.270" errors="0" timestamp="2022-06-13T11:09:34 MSK" skipped="0">
  <testcase classname="tests.usersTests.GetResponseUsersTest" name="getResponseUsers" time="0.270"/>
  <system-out/>
</testsuite> <!-- tests.usersTests.GetResponseUsersTest -->
