<?xml version="1.0" encoding="UTF-8"?>
<!-- Generated by org.testng.reporters.JUnitReportReporter -->
<testsuite hostname="ipopov" failures="0" tests="1" name="tests.postsTests.GetResponseFromPostsTest" time="1.957" errors="0" timestamp="2022-06-13T11:09:34 MSK" skipped="0">
  <testcase classname="tests.postsTests.GetResponseFromPostsTest" name="getResponseFromPosts" time="1.957"/>
  <system-out/>
</testsuite> <!-- tests.postsTests.GetResponseFromPostsTest -->
